[0.000000] (-) TimerEvent: {}
[0.016699] (-) JobUnselected: {'identifier': 'action_tutorials_interfaces'}
[0.016768] (-) JobUnselected: {'identifier': 'launch_tutorial'}
[0.016798] (-) JobUnselected: {'identifier': 'my_first_package'}
[0.016904] (-) JobUnselected: {'identifier': 'my_package'}
[0.016938] (-) JobUnselected: {'identifier': 'py_launch_example'}
[0.016965] (-) JobUnselected: {'identifier': 'py_pubsub'}
[0.016989] (-) JobUnselected: {'identifier': 'py_pubsub'}
[0.017012] (-) JobUnselected: {'identifier': 'py_srvcli'}
[0.017036] (-) JobUnselected: {'identifier': 'python_parameters'}
[0.017060] (-) JobUnselected: {'identifier': 'turtlebot3_fake_node'}
[0.017084] (-) JobUnselected: {'identifier': 'turtlebot3_gazebo'}
[0.017108] (-) JobUnselected: {'identifier': 'turtlebot3_simulations'}
[0.017132] (-) JobUnselected: {'identifier': 'tutorial_interfaces'}
[0.017162] (-) JobUnselected: {'identifier': 'waypoint_commander'}
[0.017192] (turtlebot_controller_pkg) JobQueued: {'identifier': 'turtlebot_controller_pkg', 'dependencies': OrderedDict()}
[0.017227] (turtlebot_controller_pkg) JobStarted: {'identifier': 'turtlebot_controller_pkg'}
[0.091507] (-) TimerEvent: {}
[0.192194] (-) TimerEvent: {}
[0.292664] (-) TimerEvent: {}
[0.393115] (-) TimerEvent: {}
[0.493577] (-) TimerEvent: {}
[0.594000] (-) TimerEvent: {}
[0.701322] (-) TimerEvent: {}
[0.801695] (-) TimerEvent: {}
[0.902209] (-) TimerEvent: {}
[1.002718] (-) TimerEvent: {}
[1.106175] (-) TimerEvent: {}
[1.206590] (-) TimerEvent: {}
[1.307059] (-) TimerEvent: {}
[1.407497] (-) TimerEvent: {}
[1.430240] (turtlebot_controller_pkg) StderrLine: {'line': b'Traceback (most recent call last):\n  File "/usr/lib/python3/dist-packages/colcon_parallel_executor/executor/parallel.py", line 67, in execute\n    loop.run_until_complete(future)\n  File "/usr/lib/python3.10/asyncio/base_events.py", line 636, in run_until_complete\n    self.run_forever()\n  File "/usr/lib/python3.10/asyncio/base_events.py", line 603, in run_forever\n    self._run_once()\n  File "/usr/lib/python3.10/asyncio/base_events.py", line 1871, in _run_once\n    event_list = self._selector.select(timeout)\n  File "/usr/lib/python3.10/selectors.py", line 469, in select\n    fd_event_list = self._selector.poll(timeout, max_ev)\nKeyboardInterrupt\n\nDuring handling of the above exception, another exception occurred:\n\nTraceback (most recent call last):\n  File "/usr/lib/python3/dist-packages/colcon_core/executor/__init__.py", line 91, in __call__\n    rc = await self.task(*args, **kwargs)\n  File "/usr/lib/python3/dist-packages/colcon_core/task/__init__.py", line 93, in __call__\n    return await task_method(*args, **kwargs)\n  File "/usr/lib/python3/dist-packages/colcon_ros/task/ament_python/build.py", line 105, in build\n    return await extension.build(additional_hooks=additional_hooks)\n  File "/usr/lib/python3/dist-packages/colcon_core/task/python/build.py", line 81, in build\n    available_commands = await self._get_available_commands(\n  File "/usr/lib/python3/dist-packages/colcon_core/task/python/build.py", line 171, in _get_available_commands\n    output = await check_output(\n  File "/usr/lib/python3/dist-packages/colcon_core/subprocess.py", line 128, in check_output\n    assert not rc, f\'Expected {args} to pass: {stderr_data}\'\nAssertionError: Expected [\'/usr/bin/python3\', \'setup.py\', \'--help-commands\'] to pass: Traceback (most recent call last):\n  File "/home/johnson/METR4202/turtlebot_controller_pkg/setup.py", line 5, in <module>\n    setup(\n  File "/usr/lib/python3/dist-packages/setuptools/__init__.py", line 153, in setup\n    return distutils.core.setup(**attrs)\n  File "/usr/lib/python3.10/distutils/core.py", line 134, in setup\n    ok = dist.parse_command_line()\n  File "/usr/lib/python3.10/distutils/dist.py", line 480, in parse_command_line\n    if self.handle_display_options(option_order):\n  File "/usr/lib/python3/dist-packages/setuptools/dist.py", line 1126, in handle_display_options\n    return _Distribution.handle_display_options(self, option_order)\n  File "/usr/lib/python3.10/distutils/dist.py", line 683, in handle_display_options\n    self.print_commands()\n  File "/usr/lib/python3/dist-packages/setuptools/dist.py", line 902, in print_commands\n    cmdclass = ep.resolve()\n  File "/usr/lib/python3/dist-packages/pkg_resources/__init__.py", line 2471, in resolve\n    module = __import__(self.module_name, fromlist=[\'__name__\'], level=0)\n  File "/usr/lib/python3/dist-packages/setuptools/command/test.py", line 6, in <module>\n    import unittest\n  File "/usr/lib/python3.10/unittest/__init__.py", line 65, in <module>\n    from .main import TestProgram, main\n  File "/usr/lib/python3.10/unittest/main.py", line 4, in <module>\n    import argparse\n  File "<frozen importlib._bootstrap>", line 1027, in _find_and_load\n  File "<frozen importlib._bootstrap>", line 1006, in _find_and_load_unlocked\n  File "<frozen importlib._bootstrap>", line 688, in _load_unlocked\n  File "<frozen importlib._bootstrap_external>", line 879, in exec_module\n  File "<frozen importlib._bootstrap_external>", line 1012, in get_code\n  File "<frozen importlib._bootstrap_external>", line 672, in _compile_bytecode\nKeyboardInterrupt\n\n'}
[1.432792] (turtlebot_controller_pkg) JobEnded: {'identifier': 'turtlebot_controller_pkg', 'rc': 'SIGINT'}
[1.434739] (-) EventReactorShutdown: {}
